mode: atomic
github.com/QRY91/uroboro/internal/capture/capture.go:12.42,14.2 1 2
github.com/QRY91/uroboro/internal/capture/capture.go:16.71,21.16 3 2
github.com/QRY91/uroboro/internal/capture/capture.go:21.16,23.3 1 0
github.com/QRY91/uroboro/internal/capture/capture.go:25.2,26.51 2 2
github.com/QRY91/uroboro/internal/capture/capture.go:26.51,28.3 1 0
github.com/QRY91/uroboro/internal/capture/capture.go:31.2,37.19 4 2
github.com/QRY91/uroboro/internal/capture/capture.go:37.19,39.3 1 1
github.com/QRY91/uroboro/internal/capture/capture.go:41.2,41.16 1 2
github.com/QRY91/uroboro/internal/capture/capture.go:41.16,43.3 1 1
github.com/QRY91/uroboro/internal/capture/capture.go:46.2,47.16 2 2
github.com/QRY91/uroboro/internal/capture/capture.go:47.16,49.3 1 0
github.com/QRY91/uroboro/internal/capture/capture.go:50.2,52.48 2 2
github.com/QRY91/uroboro/internal/capture/capture.go:52.48,54.3 1 0
github.com/QRY91/uroboro/internal/capture/capture.go:56.2,57.12 2 2
github.com/QRY91/uroboro/internal/capture/capture.go:60.57,61.28 1 5
github.com/QRY91/uroboro/internal/capture/capture.go:61.28,63.3 1 4
github.com/QRY91/uroboro/internal/capture/capture.go:64.2,64.33 1 1
github.com/QRY91/uroboro/internal/publish/publish.go:18.42,20.17 2 5
github.com/QRY91/uroboro/internal/publish/publish.go:20.17,22.3 1 5
github.com/QRY91/uroboro/internal/publish/publish.go:23.2,23.38 1 5
github.com/QRY91/uroboro/internal/publish/publish.go:26.68,36.16 7 0
github.com/QRY91/uroboro/internal/publish/publish.go:36.16,38.3 1 0
github.com/QRY91/uroboro/internal/publish/publish.go:40.2,42.20 3 0
github.com/QRY91/uroboro/internal/publish/publish.go:45.57,50.16 3 0
github.com/QRY91/uroboro/internal/publish/publish.go:50.16,52.3 1 0
github.com/QRY91/uroboro/internal/publish/publish.go:54.2,54.24 1 0
github.com/QRY91/uroboro/internal/publish/publish.go:54.24,58.3 3 0
github.com/QRY91/uroboro/internal/publish/publish.go:60.2,65.16 5 0
github.com/QRY91/uroboro/internal/publish/publish.go:65.16,67.3 1 0
github.com/QRY91/uroboro/internal/publish/publish.go:69.2,73.12 4 0
github.com/QRY91/uroboro/internal/publish/publish.go:76.98,80.16 3 0
github.com/QRY91/uroboro/internal/publish/publish.go:80.16,82.3 1 0
github.com/QRY91/uroboro/internal/publish/publish.go:84.2,84.24 1 0
github.com/QRY91/uroboro/internal/publish/publish.go:84.24,88.3 3 0
github.com/QRY91/uroboro/internal/publish/publish.go:90.2,93.17 3 0
github.com/QRY91/uroboro/internal/publish/publish.go:93.17,95.3 1 0
github.com/QRY91/uroboro/internal/publish/publish.go:97.2,99.16 3 0
github.com/QRY91/uroboro/internal/publish/publish.go:99.16,101.3 1 0
github.com/QRY91/uroboro/internal/publish/publish.go:104.2,106.13 2 0
github.com/QRY91/uroboro/internal/publish/publish.go:106.13,110.3 3 0
github.com/QRY91/uroboro/internal/publish/publish.go:110.8,113.3 2 0
github.com/QRY91/uroboro/internal/publish/publish.go:115.2,115.12 1 0
github.com/QRY91/uroboro/internal/publish/publish.go:118.76,121.16 2 1
github.com/QRY91/uroboro/internal/publish/publish.go:121.16,123.3 1 0
github.com/QRY91/uroboro/internal/publish/publish.go:125.2,130.16 4 1
github.com/QRY91/uroboro/internal/publish/publish.go:130.16,132.3 1 0
github.com/QRY91/uroboro/internal/publish/publish.go:134.2,136.32 2 1
github.com/QRY91/uroboro/internal/publish/publish.go:136.32,137.63 1 1
github.com/QRY91/uroboro/internal/publish/publish.go:137.63,138.12 1 0
github.com/QRY91/uroboro/internal/publish/publish.go:141.3,142.17 2 1
github.com/QRY91/uroboro/internal/publish/publish.go:142.17,143.12 1 0
github.com/QRY91/uroboro/internal/publish/publish.go:146.3,146.35 1 1
github.com/QRY91/uroboro/internal/publish/publish.go:146.35,149.18 3 1
github.com/QRY91/uroboro/internal/publish/publish.go:149.18,150.13 1 0
github.com/QRY91/uroboro/internal/publish/publish.go:154.4,155.44 2 1
github.com/QRY91/uroboro/internal/publish/publish.go:159.2,159.22 1 1
github.com/QRY91/uroboro/internal/publish/publish.go:162.67,169.21 5 3
github.com/QRY91/uroboro/internal/publish/publish.go:169.21,173.42 2 31
github.com/QRY91/uroboro/internal/publish/publish.go:173.42,174.45 1 5
github.com/QRY91/uroboro/internal/publish/publish.go:174.45,177.5 2 3
github.com/QRY91/uroboro/internal/publish/publish.go:178.4,179.12 2 5
github.com/QRY91/uroboro/internal/publish/publish.go:182.3,182.16 1 26
github.com/QRY91/uroboro/internal/publish/publish.go:182.16,183.38 1 16
github.com/QRY91/uroboro/internal/publish/publish.go:183.38,185.33 1 0
github.com/QRY91/uroboro/internal/publish/publish.go:185.33,188.6 2 0
github.com/QRY91/uroboro/internal/publish/publish.go:189.5,189.22 1 0
github.com/QRY91/uroboro/internal/publish/publish.go:190.10,190.81 1 16
github.com/QRY91/uroboro/internal/publish/publish.go:190.81,191.33 1 6
github.com/QRY91/uroboro/internal/publish/publish.go:191.33,193.6 1 1
github.com/QRY91/uroboro/internal/publish/publish.go:194.5,194.56 1 6
github.com/QRY91/uroboro/internal/publish/publish.go:200.2,200.43 1 3
github.com/QRY91/uroboro/internal/publish/publish.go:200.43,202.3 1 2
github.com/QRY91/uroboro/internal/publish/publish.go:204.2,204.17 1 3
github.com/QRY91/uroboro/internal/publish/publish.go:207.70,227.2 2 1
github.com/QRY91/uroboro/internal/publish/publish.go:229.97,249.2 3 0
github.com/QRY91/uroboro/internal/publish/publish.go:251.70,252.16 1 4
github.com/QRY91/uroboro/internal/publish/publish.go:253.14,254.72 1 1
github.com/QRY91/uroboro/internal/publish/publish.go:255.14,256.101 1 1
github.com/QRY91/uroboro/internal/publish/publish.go:257.10,258.80 1 2
github.com/QRY91/uroboro/internal/publish/publish.go:262.78,263.16 1 0
github.com/QRY91/uroboro/internal/publish/publish.go:264.18,269.59 1 0
github.com/QRY91/uroboro/internal/publish/publish.go:271.14,283.89 1 0
github.com/QRY91/uroboro/internal/publish/publish.go:285.14,290.76 1 0
github.com/QRY91/uroboro/internal/publish/publish.go:292.10,293.17 1 0
github.com/QRY91/uroboro/internal/publish/publish.go:297.65,302.29 3 0
github.com/QRY91/uroboro/internal/publish/publish.go:302.29,304.17 2 0
github.com/QRY91/uroboro/internal/publish/publish.go:304.17,305.12 1 0
github.com/QRY91/uroboro/internal/publish/publish.go:308.3,308.37 1 0
github.com/QRY91/uroboro/internal/publish/publish.go:308.37,310.4 1 0
github.com/QRY91/uroboro/internal/publish/publish.go:310.9,310.43 1 0
github.com/QRY91/uroboro/internal/publish/publish.go:310.43,312.4 1 0
github.com/QRY91/uroboro/internal/publish/publish.go:312.9,316.4 2 0
github.com/QRY91/uroboro/internal/publish/publish.go:319.2,319.38 1 0
github.com/QRY91/uroboro/internal/publish/publish.go:322.64,340.29 9 0
github.com/QRY91/uroboro/internal/publish/publish.go:340.29,342.17 2 0
github.com/QRY91/uroboro/internal/publish/publish.go:342.17,344.4 1 0
github.com/QRY91/uroboro/internal/publish/publish.go:347.2,347.41 1 0
github.com/QRY91/uroboro/internal/publish/publish.go:350.77,353.16 2 0
github.com/QRY91/uroboro/internal/publish/publish.go:353.16,355.3 1 0
github.com/QRY91/uroboro/internal/publish/publish.go:356.2,360.77 3 0
github.com/QRY91/uroboro/internal/publish/publish.go:360.77,362.3 1 0
github.com/QRY91/uroboro/internal/publish/publish.go:365.2,375.16 7 0
github.com/QRY91/uroboro/internal/publish/publish.go:376.14,377.15 1 0
github.com/QRY91/uroboro/internal/publish/publish.go:378.14,379.14 1 0
github.com/QRY91/uroboro/internal/publish/publish.go:380.10,381.13 1 0
github.com/QRY91/uroboro/internal/publish/publish.go:384.2,389.17 4 0
github.com/QRY91/uroboro/internal/publish/publish.go:392.24,393.11 1 0
github.com/QRY91/uroboro/internal/publish/publish.go:393.11,395.3 1 0
github.com/QRY91/uroboro/internal/publish/publish.go:396.2,396.10 1 0
github.com/QRY91/uroboro/internal/status/status.go:21.40,23.2 1 4
github.com/QRY91/uroboro/internal/status/status.go:25.52,30.16 3 2
github.com/QRY91/uroboro/internal/status/status.go:30.16,32.3 1 0
github.com/QRY91/uroboro/internal/status/status.go:34.2,41.16 5 2
github.com/QRY91/uroboro/internal/status/status.go:41.16,47.3 4 1
github.com/QRY91/uroboro/internal/status/status.go:49.2,49.32 1 1
github.com/QRY91/uroboro/internal/status/status.go:49.32,50.63 1 1
github.com/QRY91/uroboro/internal/status/status.go:50.63,51.12 1 0
github.com/QRY91/uroboro/internal/status/status.go:54.3,55.17 2 1
github.com/QRY91/uroboro/internal/status/status.go:55.17,56.12 1 0
github.com/QRY91/uroboro/internal/status/status.go:59.3,59.35 1 1
github.com/QRY91/uroboro/internal/status/status.go:59.35,61.4 1 1
github.com/QRY91/uroboro/internal/status/status.go:64.2,70.32 4 1
github.com/QRY91/uroboro/internal/status/status.go:70.32,71.63 1 1
github.com/QRY91/uroboro/internal/status/status.go:71.63,72.12 1 0
github.com/QRY91/uroboro/internal/status/status.go:75.3,76.17 2 1
github.com/QRY91/uroboro/internal/status/status.go:76.17,77.12 1 0
github.com/QRY91/uroboro/internal/status/status.go:80.3,80.35 1 1
github.com/QRY91/uroboro/internal/status/status.go:80.35,83.18 3 1
github.com/QRY91/uroboro/internal/status/status.go:83.18,84.13 1 0
github.com/QRY91/uroboro/internal/status/status.go:87.4,88.37 2 1
github.com/QRY91/uroboro/internal/status/status.go:88.37,89.20 1 2
github.com/QRY91/uroboro/internal/status/status.go:89.20,90.11 1 0
github.com/QRY91/uroboro/internal/status/status.go:92.5,93.12 2 2
github.com/QRY91/uroboro/internal/status/status.go:97.3,97.18 1 1
github.com/QRY91/uroboro/internal/status/status.go:97.18,98.9 1 0
github.com/QRY91/uroboro/internal/status/status.go:102.2,102.16 1 1
github.com/QRY91/uroboro/internal/status/status.go:102.16,104.3 1 0
github.com/QRY91/uroboro/internal/status/status.go:106.2,106.12 1 1
github.com/QRY91/uroboro/internal/status/status.go:109.72,113.29 3 3
github.com/QRY91/uroboro/internal/status/status.go:113.29,114.42 1 33
github.com/QRY91/uroboro/internal/status/status.go:114.42,116.63 1 6
github.com/QRY91/uroboro/internal/status/status.go:116.63,118.26 2 6
github.com/QRY91/uroboro/internal/status/status.go:118.26,120.6 1 0
github.com/QRY91/uroboro/internal/status/status.go:121.5,121.41 1 6
github.com/QRY91/uroboro/internal/status/status.go:126.2,126.17 1 3
github.com/QRY91/uroboro/internal/status/status.go:129.40,131.16 2 0
github.com/QRY91/uroboro/internal/status/status.go:131.16,133.3 1 0
github.com/QRY91/uroboro/internal/status/status.go:135.2,138.16 3 0
github.com/QRY91/uroboro/internal/status/status.go:138.16,139.25 1 0
github.com/QRY91/uroboro/internal/status/status.go:139.25,142.4 2 0
github.com/QRY91/uroboro/internal/status/status.go:143.3,143.61 1 0
github.com/QRY91/uroboro/internal/status/status.go:145.2,149.21 4 0
github.com/QRY91/uroboro/internal/status/status.go:149.21,151.67 2 0
github.com/QRY91/uroboro/internal/status/status.go:151.67,152.12 1 0
github.com/QRY91/uroboro/internal/status/status.go:154.3,154.39 1 0
github.com/QRY91/uroboro/internal/status/status.go:157.2,157.24 1 0
github.com/QRY91/uroboro/internal/status/status.go:157.24,160.3 2 0
github.com/QRY91/uroboro/internal/status/status.go:163.2,163.14 1 0
github.com/QRY91/uroboro/internal/status/status.go:163.14,166.36 3 0
github.com/QRY91/uroboro/internal/status/status.go:166.36,167.39 1 0
github.com/QRY91/uroboro/internal/status/status.go:167.39,169.5 1 0
github.com/QRY91/uroboro/internal/status/status.go:171.3,171.22 1 0
github.com/QRY91/uroboro/internal/status/status.go:174.2,177.14 3 0
github.com/QRY91/uroboro/internal/status/status.go:177.14,179.3 1 0
github.com/QRY91/uroboro/internal/status/status.go:181.2,181.33 1 0
github.com/QRY91/uroboro/internal/status/status.go:181.33,183.67 2 0
github.com/QRY91/uroboro/internal/status/status.go:183.67,186.4 2 0
github.com/QRY91/uroboro/internal/status/status.go:189.2,189.12 1 0
